<?xml version="1.0" encoding="UTF-8"?>
<!-- Generated by org.testng.reporters.JUnitXMLReporter -->
<testsuite ignored="0" hostname="ip-172-31-46-183" failures="0" tests="4" name="Default test" time="12.73" errors="0" timestamp="2026-02-12T10:34:23 UTC">
  <testcase classname="pages.contact_page" name="Contact_1" time="4.302"/>
  <testcase classname="pages.contact_page" name="Contact_2" time="2.066"/>
  <testcase classname="pages.contact_page" name="Contact_3" time="3.22"/>
  <testcase classname="pages.contact_page" name="Contact_4" time="3.103"/>
</testsuite> <!-- Default test -->
