<?xml version="1.0" encoding="UTF-8"?>
<testng-results ignored="0" total="4" passed="4" failed="0" skipped="0">
  <reporter-output>
  </reporter-output>
  <suite started-at="2026-02-12T10:34:11 UTC" name="Default suite" finished-at="2026-02-12T10:34:23 UTC" duration-ms="12730">
    <groups>
    </groups>
    <test started-at="2026-02-12T10:34:11 UTC" name="Default test" finished-at="2026-02-12T10:34:23 UTC" duration-ms="12730">
      <class name="stepdefinitions_con.step_contact">
        <test-method signature="Contact_1()[pri:0, instance:stepdefinitions_con.step_contact@5b7a5baa]" started-at="2026-02-12T10:34:11 UTC" name="Contact_1" finished-at="2026-02-12T10:34:15 UTC" duration-ms="4302" status="PASS">
          <reporter-output>
          </reporter-output>
        </test-method> <!-- Contact_1 -->
        <test-method signature="Contact_2()[pri:0, instance:stepdefinitions_con.step_contact@5b7a5baa]" started-at="2026-02-12T10:34:15 UTC" name="Contact_2" finished-at="2026-02-12T10:34:17 UTC" duration-ms="2066" status="PASS">
          <reporter-output>
          </reporter-output>
        </test-method> <!-- Contact_2 -->
        <test-method signature="Contact_3()[pri:0, instance:stepdefinitions_con.step_contact@5b7a5baa]" started-at="2026-02-12T10:34:17 UTC" name="Contact_3" finished-at="2026-02-12T10:34:20 UTC" duration-ms="3220" status="PASS">
          <reporter-output>
          </reporter-output>
        </test-method> <!-- Contact_3 -->
        <test-method signature="Contact_4()[pri:0, instance:stepdefinitions_con.step_contact@5b7a5baa]" started-at="2026-02-12T10:34:20 UTC" name="Contact_4" finished-at="2026-02-12T10:34:23 UTC" duration-ms="3103" status="PASS">
          <reporter-output>
          </reporter-output>
        </test-method> <!-- Contact_4 -->
      </class> <!-- stepdefinitions_con.step_contact -->
    </test> <!-- Default test -->
  </suite> <!-- Default suite -->
</testng-results>
