<?xml version="1.0" encoding="UTF-8"?>
<!-- Generated by org.testng.reporters.JUnitReportReporter -->
<testsuite hostname="ip-172-31-46-183" failures="0" tests="1" name="stepdefinitions_con.Test_runner$TestRunner" time="0.085" errors="1" timestamp="2026-02-12T05:49:19 UTC" skipped="0">
  <testcase classname="stepdefinitions_con.Test_runner$TestRunner" name="runScenario" time="0.085">
    <error message="The step &#039;User opens Demoblaze&#039; and 3 other step(s) are undefined.
You can implement these steps using the snippet(s) below:

@Given(&quot;User opens Demoblaze&quot;)
public void user_opens_demoblaze() {
    // Write code here that turns the phrase above into concrete actions
    throw new io.cucumber.java.PendingException();
}
@When(&quot;User clicks contact link&quot;)
public void user_clicks_contact_link() {
    // Write code here that turns the phrase above into concrete actions
    throw new io.cucumber.java.PendingException();
}
@When(&quot;User enters contact details&quot;)
public void user_enters_contact_details() {
    // Write code here that turns the phrase above into concrete actions
    throw new io.cucumber.java.PendingException();
}
@Then(&quot;Contact message sent&quot;)
public void contact_message_sent() {
    // Write code here that turns the phrase above into concrete actions
    throw new io.cucumber.java.PendingException();
}
" type="io.cucumber.testng.UndefinedStepException">
      <![CDATA[io.cucumber.testng.UndefinedStepException: The step 'User opens Demoblaze' and 3 other step(s) are undefined.
You can implement these steps using the snippet(s) below:

@Given("User opens Demoblaze")
public void user_opens_demoblaze() {
    // Write code here that turns the phrase above into concrete actions
    throw new io.cucumber.java.PendingException();
}
@When("User clicks contact link")
public void user_clicks_contact_link() {
    // Write code here that turns the phrase above into concrete actions
    throw new io.cucumber.java.PendingException();
}
@When("User enters contact details")
public void user_enters_contact_details() {
    // Write code here that turns the phrase above into concrete actions
    throw new io.cucumber.java.PendingException();
}
@Then("Contact message sent")
public void contact_message_sent() {
    // Write code here that turns the phrase above into concrete actions
    throw new io.cucumber.java.PendingException();
}

at âœ½.User opens Demoblaze(file:///home/labuser/eclipse-workspace/assessment3/capstone_pro/src/test/resources/Feature/contact.feature:3)
]]>
    </error>
  </testcase> <!-- runScenario -->
</testsuite> <!-- stepdefinitions_con.Test_runner$TestRunner -->
