<?xml version="1.0" encoding="UTF-8"?>
<!-- Generated by org.testng.reporters.JUnitReportReporter -->
<testsuite hostname="ip-172-31-46-183" failures="0" tests="4" name="stepdefinitions_con.step_contact" time="12.691" errors="0" timestamp="2026-02-12T10:34:23 UTC" skipped="0">
  <testcase classname="stepdefinitions_con.step_contact" name="Contact_4" time="3.103"/>
  <testcase classname="stepdefinitions_con.step_contact" name="Contact_1" time="4.302"/>
  <testcase classname="stepdefinitions_con.step_contact" name="Contact_2" time="2.066"/>
  <testcase classname="stepdefinitions_con.step_contact" name="Contact_3" time="3.220"/>
</testsuite> <!-- stepdefinitions_con.step_contact -->
